<?xml version="1.0" encoding="UTF-8"?>
<testng-results skipped="0" failed="0" total="1" passed="1">
  <reporter-output>
  </reporter-output>
  <suite name="Default suite" duration-ms="194787" started-at="2018-08-22T08:36:47Z" finished-at="2018-08-22T08:40:01Z">
    <groups>
    </groups>
    <test name="Default test" duration-ms="194787" started-at="2018-08-22T08:36:47Z" finished-at="2018-08-22T08:40:01Z">
      <class name="scripts.TestNGTemplate">
        <test-method status="PASS" signature="setUp()[pri:0, instance:scripts.TestNGTemplate@6d8a00e3]" name="setUp" is-config="true" duration-ms="3980" started-at="2018-08-22T14:06:47Z" finished-at="2018-08-22T14:06:51Z">
          <reporter-output>
          </reporter-output>
        </test-method> <!-- setUp -->
        <test-method status="PASS" signature="Test()[pri:0, instance:scripts.TestNGTemplate@6d8a00e3]" name="Test" duration-ms="190780" started-at="2018-08-22T14:06:51Z" finished-at="2018-08-22T14:10:01Z">
          <reporter-output>
          </reporter-output>
        </test-method> <!-- Test -->
        <test-method status="PASS" signature="turnDown()[pri:0, instance:scripts.TestNGTemplate@6d8a00e3]" name="turnDown" is-config="true" duration-ms="0" started-at="2018-08-22T14:10:01Z" finished-at="2018-08-22T14:10:01Z">
          <reporter-output>
          </reporter-output>
        </test-method> <!-- turnDown -->
      </class> <!-- scripts.TestNGTemplate -->
    </test> <!-- Default test -->
  </suite> <!-- Default suite -->
</testng-results>
